<?xml version="1.0" encoding="utf-8"?><testsuites name="pytest tests"><testsuite name="pytest" errors="0" failures="0" skipped="0" tests="19" time="6.346" timestamp="2026-06-23T10:54:26.437878+00:00" hostname="agent-env-01141f8e-9f89-4645-80dd-d4a5fbd0c966"><testcase classname="backend.tests.backend_test.TestAuth" name="test_me_without_cookie_returns_401" time="0.132" /><testcase classname="backend.tests.backend_test.TestAuth" name="test_login_wrong_password_returns_401" time="0.339" /><testcase classname="backend.tests.backend_test.TestAuth" name="test_login_success_sets_cookie" time="0.392" /><testcase classname="backend.tests.backend_test.TestUsers" name="test_users_requires_admin_for_non_admin" time="0.438" /><testcase classname="backend.tests.backend_test.TestUsers" name="test_admin_can_list_users" time="0.046" /><testcase classname="backend.tests.backend_test.TestMembers" name="test_list_default" time="0.049" /><testcase classname="backend.tests.backend_test.TestMembers" name="test_search_bangash" time="0.051" /><testcase classname="backend.tests.backend_test.TestMembers" name="test_search_address_valby" time="0.055" /><testcase classname="backend.tests.backend_test.TestMembers" name="test_search_by_medlemsnummer" time="0.096" /><testcase classname="backend.tests.backend_test.TestMembers" name="test_medlemstype_and_bladstatus_parsed" time="0.064" /><testcase classname="backend.tests.backend_test.TestMembers" name="test_members_import_idempotent" time="0.808" /><testcase classname="backend.tests.backend_test.TestEventsAndParticipants" name="test_full_event_flow" time="0.708" /><testcase classname="backend.tests.backend_test.TestStats" name="test_stats" time="0.054" /><testcase classname="backend.tests.test_iteration2.TestEventPricesAndAggregates" name="test_create_persists_prices_and_zero_totals" time="0.464" /><testcase classname="backend.tests.test_iteration2.TestEventPricesAndAggregates" name="test_patch_event_updates_fields" time="0.185" /><testcase classname="backend.tests.test_iteration2.TestParticipantPatch" name="test_patch_participant_subsets_and_totals" time="0.445" /><testcase classname="backend.tests.test_iteration2.TestCsvExport" name="test_export_csv_headers_and_rows" time="0.303" /><testcase classname="backend.tests.test_iteration2.TestBruteForceLockout" name="test_lockout_after_5_fails_then_clears_on_success" time="0.355" /><testcase classname="backend.tests.test_iteration2.TestBruteForceLockout" name="test_correct_login_resets_counter" time="1.197" /></testsuite></testsuites>