<?xml version="1.0" encoding="utf-8"?><testsuites name="pytest tests"><testsuite name="pytest" errors="0" failures="0" skipped="0" tests="6" time="3.155" timestamp="2026-06-23T10:54:18.433750+00:00" hostname="agent-env-01141f8e-9f89-4645-80dd-d4a5fbd0c966"><testcase classname="backend.tests.test_iteration2.TestEventPricesAndAggregates" name="test_create_persists_prices_and_zero_totals" time="0.630" /><testcase classname="backend.tests.test_iteration2.TestEventPricesAndAggregates" name="test_patch_event_updates_fields" time="0.183" /><testcase classname="backend.tests.test_iteration2.TestParticipantPatch" name="test_patch_participant_subsets_and_totals" time="0.401" /><testcase classname="backend.tests.test_iteration2.TestCsvExport" name="test_export_csv_headers_and_rows" time="0.311" /><testcase classname="backend.tests.test_iteration2.TestBruteForceLockout" name="test_lockout_after_5_fails_then_clears_on_success" time="0.339" /><testcase classname="backend.tests.test_iteration2.TestBruteForceLockout" name="test_correct_login_resets_counter" time="1.139" /></testsuite></testsuites>