<?xml version="1.0" encoding="utf-8"?><testsuites name="pytest tests"><testsuite name="pytest" errors="0" failures="0" skipped="0" tests="13" time="3.532" timestamp="2026-06-23T10:25:50.016703+00:00" hostname="agent-env-01141f8e-9f89-4645-80dd-d4a5fbd0c966"><testcase classname="backend.tests.backend_test.TestAuth" name="test_me_without_cookie_returns_401" time="0.182" /><testcase classname="backend.tests.backend_test.TestAuth" name="test_login_wrong_password_returns_401" time="0.322" /><testcase classname="backend.tests.backend_test.TestAuth" name="test_login_success_sets_cookie" time="0.376" /><testcase classname="backend.tests.backend_test.TestUsers" name="test_users_requires_admin_for_non_admin" time="0.646" /><testcase classname="backend.tests.backend_test.TestUsers" name="test_admin_can_list_users" time="0.051" /><testcase classname="backend.tests.backend_test.TestMembers" name="test_list_default" time="0.051" /><testcase classname="backend.tests.backend_test.TestMembers" name="test_search_bangash" time="0.049" /><testcase classname="backend.tests.backend_test.TestMembers" name="test_search_address_valby" time="0.051" /><testcase classname="backend.tests.backend_test.TestMembers" name="test_search_by_medlemsnummer" time="0.098" /><testcase classname="backend.tests.backend_test.TestMembers" name="test_medlemstype_and_bladstatus_parsed" time="0.065" /><testcase classname="backend.tests.backend_test.TestMembers" name="test_members_import_idempotent" time="0.765" /><testcase classname="backend.tests.backend_test.TestEventsAndParticipants" name="test_full_event_flow" time="0.682" /><testcase classname="backend.tests.backend_test.TestStats" name="test_stats" time="0.051" /></testsuite></testsuites>